0 info it worked if it ends with ok
1 verbose cli [ '/usr/local/bin/node',
1 verbose cli   '/usr/local/bin/npm',
1 verbose cli   'build',
1 verbose cli   'node-sass' ]
2 info using npm@2.14.4
3 info using node@v4.1.1
4 info build /Users/shinaki/Desktop/Ruby/redux-intro/node-sass
5 verbose stack Error: ENOENT: no such file or directory, open '/Users/shinaki/Desktop/Ruby/redux-intro/node-sass/package.json'
5 verbose stack     at Error (native)
6 verbose cwd /Users/shinaki/Desktop/Ruby/redux-intro
7 error Darwin 14.5.0
8 error argv "/usr/local/bin/node" "/usr/local/bin/npm" "build" "node-sass"
9 error node v4.1.1
10 error npm  v2.14.4
11 error path /Users/shinaki/Desktop/Ruby/redux-intro/node-sass/package.json
12 error code ENOENT
13 error errno -2
14 error syscall open
15 error enoent ENOENT: no such file or directory, open '/Users/shinaki/Desktop/Ruby/redux-intro/node-sass/package.json'
15 error enoent This is most likely not a problem with npm itself
15 error enoent and is related to npm not being able to find a file.
16 verbose exit [ -2, true ]
